<?xml version="1.0" encoding="UTF-8"?>
<!-- Generated by org.testng.reporters.JUnitReportReporter -->
<testsuite hostname="GurvPK" failures="0" tests="1" name="Test.LoginTest" time="4.053" errors="0" timestamp="2025-10-04T00:45:17 IST" skipped="0">
  <testcase classname="Test.LoginTest" name="testValidLogin" time="4.053"/>
</testsuite> <!-- Test.LoginTest -->
